# Logfile created on Sat May 21 20:29:40 +0300 2011 by logger.rb/22285
REQUESTING PAGE: GET /signup with {} and HTTP headers {}
REQUESTING PAGE: GET /signup with {} and HTTP headers {}
REQUESTING PAGE: POST /users with {"commit"=>"Sign up", "utf8"=>"✓", "user"=>{"name"=>"", "password_confirmation"=>"", "password"=>"", "email"=>""}} and HTTP headers {"HTTP_REFERER"=>"/signup"}
REQUESTING PAGE: GET /signup with {} and HTTP headers {}
REQUESTING PAGE: POST /users with {"commit"=>"Sign up", "utf8"=>"✓", "user"=>{"name"=>"", "password_confirmation"=>"", "password"=>"", "email"=>""}} and HTTP headers {"HTTP_REFERER"=>"/signup"}
REQUESTING PAGE: GET /signup with {} and HTTP headers {}
REQUESTING PAGE: POST /users with {"commit"=>"Sign up", "utf8"=>"✓", "user"=>{"name"=>"", "password_confirmation"=>"", "password"=>"", "email"=>""}} and HTTP headers {"HTTP_REFERER"=>"/signup"}
REQUESTING PAGE: GET /signup with {} and HTTP headers {}
REQUESTING PAGE: GET /signup with {} and HTTP headers {}
REQUESTING PAGE: POST /users with {"commit"=>"Sign up", "utf8"=>"✓", "user"=>{"name"=>"", "password_confirmation"=>"", "password"=>"", "email"=>""}} and HTTP headers {"HTTP_REFERER"=>"/signup"}
REQUESTING PAGE: GET /signup with {} and HTTP headers {}
REQUESTING PAGE: POST /users with {"commit"=>"Sign up", "utf8"=>"✓", "user"=>{"name"=>"test", "password_confirmation"=>"p@ssw0rd", "password"=>"p@ssw0rd", "email"=>"email@domain.com"}} and HTTP headers {"HTTP_REFERER"=>"/signup"}
REQUESTING PAGE: GET http://www.example.com/users/1 with {} and HTTP headers {"HTTP_REFERER"=>"/users"}
REQUESTING PAGE: GET /signup with {} and HTTP headers {}
REQUESTING PAGE: POST /users with {"commit"=>"Sign up", "utf8"=>"✓", "user"=>{"name"=>"", "password_confirmation"=>"", "password"=>"", "email"=>""}} and HTTP headers {"HTTP_REFERER"=>"/signup"}
REQUESTING PAGE: GET /signup with {} and HTTP headers {}
REQUESTING PAGE: POST /users with {"commit"=>"Sign up", "utf8"=>"✓", "user"=>{"name"=>"test", "password_confirmation"=>"p@ssw0rd", "password"=>"p@ssw0rd", "email"=>"email@domain.com"}} and HTTP headers {"HTTP_REFERER"=>"/signup"}
REQUESTING PAGE: GET http://www.example.com/users/1 with {} and HTTP headers {"HTTP_REFERER"=>"/users"}
REQUESTING PAGE: GET /signup with {} and HTTP headers {}
REQUESTING PAGE: POST /users with {"commit"=>"Sign up", "utf8"=>"✓", "user"=>{"name"=>"", "password_confirmation"=>"", "password"=>"", "email"=>""}} and HTTP headers {"HTTP_REFERER"=>"/signup"}
REQUESTING PAGE: GET /signup with {} and HTTP headers {}
REQUESTING PAGE: POST /users with {"commit"=>"Sign up", "utf8"=>"✓", "user"=>{"name"=>"test", "password_confirmation"=>"p@ssw0rd", "password"=>"p@ssw0rd", "email"=>"email@domain.com"}} and HTTP headers {"HTTP_REFERER"=>"/signup"}
REQUESTING PAGE: GET http://www.example.com/users/1 with {} and HTTP headers {"HTTP_REFERER"=>"/users"}
REQUESTING PAGE: GET /signup with {} and HTTP headers {}
REQUESTING PAGE: POST /users with {"commit"=>"Sign up", "utf8"=>"✓", "user"=>{"name"=>"", "password_confirmation"=>"", "password"=>"", "email"=>""}} and HTTP headers {"HTTP_REFERER"=>"/signup"}
REQUESTING PAGE: GET /signup with {} and HTTP headers {}
REQUESTING PAGE: POST /users with {"commit"=>"Sign up", "utf8"=>"✓", "user"=>{"name"=>"test", "password_confirmation"=>"p@ssw0rd", "password"=>"p@ssw0rd", "email"=>"email@domain.com"}} and HTTP headers {"HTTP_REFERER"=>"/signup"}
REQUESTING PAGE: GET http://www.example.com/users/1 with {} and HTTP headers {"HTTP_REFERER"=>"/users"}
REQUESTING PAGE: GET /signup with {} and HTTP headers {}
REQUESTING PAGE: POST /users with {"commit"=>"Sign up", "utf8"=>"✓", "user"=>{"name"=>"", "password_confirmation"=>"", "password"=>"", "email"=>""}} and HTTP headers {"HTTP_REFERER"=>"/signup"}
REQUESTING PAGE: GET /signup with {} and HTTP headers {}
REQUESTING PAGE: POST /users with {"commit"=>"Sign up", "utf8"=>"✓", "user"=>{"name"=>"test", "password_confirmation"=>"p@ssw0rd", "password"=>"p@ssw0rd", "email"=>"email@domain.com"}} and HTTP headers {"HTTP_REFERER"=>"/signup"}
REQUESTING PAGE: GET http://www.example.com/users/1 with {} and HTTP headers {"HTTP_REFERER"=>"/users"}
REQUESTING PAGE: GET /signup with {} and HTTP headers {}
REQUESTING PAGE: POST /users with {"commit"=>"Sign up", "utf8"=>"✓", "user"=>{"name"=>"", "password_confirmation"=>"", "password"=>"", "email"=>""}} and HTTP headers {"HTTP_REFERER"=>"/signup"}
REQUESTING PAGE: GET /signup with {} and HTTP headers {}
REQUESTING PAGE: POST /users with {"commit"=>"Sign up", "utf8"=>"✓", "user"=>{"name"=>"test", "password_confirmation"=>"p@ssw0rd", "password"=>"p@ssw0rd", "email"=>"email@domain.com"}} and HTTP headers {"HTTP_REFERER"=>"/signup"}
REQUESTING PAGE: GET http://www.example.com/users/1 with {} and HTTP headers {"HTTP_REFERER"=>"/users"}
REQUESTING PAGE: GET /signup with {} and HTTP headers {}
REQUESTING PAGE: POST /users with {"commit"=>"Sign up", "utf8"=>"✓", "user"=>{"name"=>"", "password_confirmation"=>"", "password"=>"", "email"=>""}} and HTTP headers {"HTTP_REFERER"=>"/signup"}
REQUESTING PAGE: GET /signup with {} and HTTP headers {}
REQUESTING PAGE: POST /users with {"commit"=>"Sign up", "utf8"=>"✓", "user"=>{"name"=>"test", "password_confirmation"=>"p@ssw0rd", "password"=>"p@ssw0rd", "email"=>"email@domain.com"}} and HTTP headers {"HTTP_REFERER"=>"/signup"}
REQUESTING PAGE: GET http://www.example.com/users/1 with {} and HTTP headers {"HTTP_REFERER"=>"/users"}
REQUESTING PAGE: GET /signup with {} and HTTP headers {}
REQUESTING PAGE: POST /users with {"commit"=>"Sign up", "utf8"=>"✓", "user"=>{"name"=>"", "password_confirmation"=>"", "password"=>"", "email"=>""}} and HTTP headers {"HTTP_REFERER"=>"/signup"}
REQUESTING PAGE: GET /signup with {} and HTTP headers {}
REQUESTING PAGE: POST /users with {"commit"=>"Sign up", "utf8"=>"✓", "user"=>{"name"=>"test", "password_confirmation"=>"p@ssw0rd", "password"=>"p@ssw0rd", "email"=>"email@domain.com"}} and HTTP headers {"HTTP_REFERER"=>"/signup"}
REQUESTING PAGE: GET http://www.example.com/users/1 with {} and HTTP headers {"HTTP_REFERER"=>"/users"}
REQUESTING PAGE: GET /signup with {} and HTTP headers {}
REQUESTING PAGE: POST /users with {"commit"=>"Sign up", "utf8"=>"✓", "user"=>{"name"=>"", "password_confirmation"=>"", "password"=>"", "email"=>""}} and HTTP headers {"HTTP_REFERER"=>"/signup"}
REQUESTING PAGE: GET /signup with {} and HTTP headers {}
REQUESTING PAGE: POST /users with {"commit"=>"Sign up", "utf8"=>"✓", "user"=>{"name"=>"test", "password_confirmation"=>"p@ssw0rd", "password"=>"p@ssw0rd", "email"=>"email@domain.com"}} and HTTP headers {"HTTP_REFERER"=>"/signup"}
REQUESTING PAGE: GET http://www.example.com/users/1 with {} and HTTP headers {"HTTP_REFERER"=>"/users"}
REQUESTING PAGE: GET /signup with {} and HTTP headers {}
REQUESTING PAGE: POST /users with {"commit"=>"Sign up", "utf8"=>"✓", "user"=>{"name"=>"", "password_confirmation"=>"", "password"=>"", "email"=>""}} and HTTP headers {"HTTP_REFERER"=>"/signup"}
REQUESTING PAGE: GET /signup with {} and HTTP headers {}
REQUESTING PAGE: POST /users with {"commit"=>"Sign up", "utf8"=>"✓", "user"=>{"name"=>"test", "password_confirmation"=>"p@ssw0rd", "password"=>"p@ssw0rd", "email"=>"email@domain.com"}} and HTTP headers {"HTTP_REFERER"=>"/signup"}
REQUESTING PAGE: GET http://www.example.com/users/1 with {} and HTTP headers {"HTTP_REFERER"=>"/users"}
REQUESTING PAGE: GET /signup with {} and HTTP headers {}
REQUESTING PAGE: POST /users with {"commit"=>"Sign up", "utf8"=>"✓", "user"=>{"name"=>"", "password_confirmation"=>"", "password"=>"", "email"=>""}} and HTTP headers {"HTTP_REFERER"=>"/signup"}
REQUESTING PAGE: GET /signup with {} and HTTP headers {}
REQUESTING PAGE: POST /users with {"commit"=>"Sign up", "utf8"=>"✓", "user"=>{"name"=>"test", "password_confirmation"=>"p@ssw0rd", "password"=>"p@ssw0rd", "email"=>"email@domain.com"}} and HTTP headers {"HTTP_REFERER"=>"/signup"}
REQUESTING PAGE: GET http://www.example.com/users/1 with {} and HTTP headers {"HTTP_REFERER"=>"/users"}
REQUESTING PAGE: GET /signup with {} and HTTP headers {}
REQUESTING PAGE: POST /users with {"commit"=>"Sign up", "utf8"=>"✓", "user"=>{"name"=>"", "password_confirmation"=>"", "password"=>"", "email"=>""}} and HTTP headers {"HTTP_REFERER"=>"/signup"}
REQUESTING PAGE: GET /signup with {} and HTTP headers {}
REQUESTING PAGE: POST /users with {"commit"=>"Sign up", "utf8"=>"✓", "user"=>{"name"=>"test", "password_confirmation"=>"p@ssw0rd", "password"=>"p@ssw0rd", "email"=>"email@domain.com"}} and HTTP headers {"HTTP_REFERER"=>"/signup"}
REQUESTING PAGE: GET http://www.example.com/users/1 with {} and HTTP headers {"HTTP_REFERER"=>"/users"}
REQUESTING PAGE: GET /signup with {} and HTTP headers {}
REQUESTING PAGE: POST /users with {"commit"=>"Sign up", "utf8"=>"✓", "user"=>{"name"=>"", "password_confirmation"=>"", "password"=>"", "email"=>""}} and HTTP headers {"HTTP_REFERER"=>"/signup"}
REQUESTING PAGE: GET /signup with {} and HTTP headers {}
REQUESTING PAGE: POST /users with {"commit"=>"Sign up", "utf8"=>"✓", "user"=>{"name"=>"test", "password_confirmation"=>"p@ssw0rd", "password"=>"p@ssw0rd", "email"=>"email@domain.com"}} and HTTP headers {"HTTP_REFERER"=>"/signup"}
REQUESTING PAGE: GET http://www.example.com/users/1 with {} and HTTP headers {"HTTP_REFERER"=>"/users"}
REQUESTING PAGE: GET /signup with {} and HTTP headers {}
REQUESTING PAGE: POST /users with {"commit"=>"Sign up", "utf8"=>"✓", "user"=>{"name"=>"", "password_confirmation"=>"", "password"=>"", "email"=>""}} and HTTP headers {"HTTP_REFERER"=>"/signup"}
REQUESTING PAGE: GET /signup with {} and HTTP headers {}
REQUESTING PAGE: POST /users with {"commit"=>"Sign up", "utf8"=>"✓", "user"=>{"name"=>"test", "password_confirmation"=>"p@ssw0rd", "password"=>"p@ssw0rd", "email"=>"email@domain.com"}} and HTTP headers {"HTTP_REFERER"=>"/signup"}
REQUESTING PAGE: GET http://www.example.com/users/1 with {} and HTTP headers {"HTTP_REFERER"=>"/users"}
REQUESTING PAGE: GET /signup with {} and HTTP headers {}
REQUESTING PAGE: POST /users with {"commit"=>"Sign up", "utf8"=>"✓", "user"=>{"name"=>"", "password_confirmation"=>"", "password"=>"", "email"=>""}} and HTTP headers {"HTTP_REFERER"=>"/signup"}
REQUESTING PAGE: GET /signup with {} and HTTP headers {}
REQUESTING PAGE: POST /users with {"commit"=>"Sign up", "utf8"=>"✓", "user"=>{"name"=>"test", "password_confirmation"=>"p@ssw0rd", "password"=>"p@ssw0rd", "email"=>"email@domain.com"}} and HTTP headers {"HTTP_REFERER"=>"/signup"}
REQUESTING PAGE: GET http://www.example.com/users/1 with {} and HTTP headers {"HTTP_REFERER"=>"/users"}
REQUESTING PAGE: GET /signup with {} and HTTP headers {}
REQUESTING PAGE: POST /users with {"commit"=>"Sign up", "utf8"=>"✓", "user"=>{"name"=>"", "password_confirmation"=>"", "password"=>"", "email"=>""}} and HTTP headers {"HTTP_REFERER"=>"/signup"}
REQUESTING PAGE: GET /signup with {} and HTTP headers {}
REQUESTING PAGE: POST /users with {"commit"=>"Sign up", "utf8"=>"✓", "user"=>{"name"=>"test", "password_confirmation"=>"p@ssw0rd", "password"=>"p@ssw0rd", "email"=>"email@domain.com"}} and HTTP headers {"HTTP_REFERER"=>"/signup"}
REQUESTING PAGE: GET http://www.example.com/users/1 with {} and HTTP headers {"HTTP_REFERER"=>"/users"}
REQUESTING PAGE: GET /signup with {} and HTTP headers {}
REQUESTING PAGE: POST /users with {"commit"=>"Sign up", "utf8"=>"✓", "user"=>{"name"=>"", "password_confirmation"=>"", "password"=>"", "email"=>""}} and HTTP headers {"HTTP_REFERER"=>"/signup"}
REQUESTING PAGE: GET /signup with {} and HTTP headers {}
REQUESTING PAGE: POST /users with {"commit"=>"Sign up", "utf8"=>"✓", "user"=>{"name"=>"test", "password_confirmation"=>"p@ssw0rd", "password"=>"p@ssw0rd", "email"=>"email@domain.com"}} and HTTP headers {"HTTP_REFERER"=>"/signup"}
REQUESTING PAGE: GET http://www.example.com/users/1 with {} and HTTP headers {"HTTP_REFERER"=>"/users"}
REQUESTING PAGE: GET /signup with {} and HTTP headers {}
REQUESTING PAGE: POST /users with {"commit"=>"Sign up", "utf8"=>"✓", "user"=>{"name"=>"", "password_confirmation"=>"", "password"=>"", "email"=>""}} and HTTP headers {"HTTP_REFERER"=>"/signup"}
REQUESTING PAGE: GET /signup with {} and HTTP headers {}
REQUESTING PAGE: POST /users with {"commit"=>"Sign up", "utf8"=>"✓", "user"=>{"name"=>"test", "password_confirmation"=>"p@ssw0rd", "password"=>"p@ssw0rd", "email"=>"email@domain.com"}} and HTTP headers {"HTTP_REFERER"=>"/signup"}
REQUESTING PAGE: GET http://www.example.com/users/1 with {} and HTTP headers {"HTTP_REFERER"=>"/users"}
REQUESTING PAGE: GET /signup with {} and HTTP headers {}
REQUESTING PAGE: POST /users with {"commit"=>"Sign up", "utf8"=>"✓", "user"=>{"name"=>"", "password_confirmation"=>"", "password"=>"", "email"=>""}} and HTTP headers {"HTTP_REFERER"=>"/signup"}
REQUESTING PAGE: GET /signup with {} and HTTP headers {}
REQUESTING PAGE: POST /users with {"commit"=>"Sign up", "utf8"=>"✓", "user"=>{"name"=>"test", "password_confirmation"=>"p@ssw0rd", "password"=>"p@ssw0rd", "email"=>"email@domain.com"}} and HTTP headers {"HTTP_REFERER"=>"/signup"}
REQUESTING PAGE: GET http://www.example.com/users/1 with {} and HTTP headers {"HTTP_REFERER"=>"/users"}
REQUESTING PAGE: GET /signup with {} and HTTP headers {}
REQUESTING PAGE: POST /users with {"commit"=>"Sign up", "utf8"=>"✓", "user"=>{"name"=>"", "password_confirmation"=>"", "password"=>"", "email"=>""}} and HTTP headers {"HTTP_REFERER"=>"/signup"}
REQUESTING PAGE: GET /signup with {} and HTTP headers {}
REQUESTING PAGE: POST /users with {"commit"=>"Sign up", "utf8"=>"✓", "user"=>{"name"=>"test", "password_confirmation"=>"p@ssw0rd", "password"=>"p@ssw0rd", "email"=>"email@domain.com"}} and HTTP headers {"HTTP_REFERER"=>"/signup"}
REQUESTING PAGE: GET http://www.example.com/users/1 with {} and HTTP headers {"HTTP_REFERER"=>"/users"}
REQUESTING PAGE: GET /signup with {} and HTTP headers {}
REQUESTING PAGE: POST /users with {"commit"=>"Sign up", "utf8"=>"✓", "user"=>{"name"=>"", "password_confirmation"=>"", "password"=>"", "email"=>""}} and HTTP headers {"HTTP_REFERER"=>"/signup"}
REQUESTING PAGE: GET /signup with {} and HTTP headers {}
REQUESTING PAGE: POST /users with {"commit"=>"Sign up", "utf8"=>"✓", "user"=>{"name"=>"test", "password_confirmation"=>"p@ssw0rd", "password"=>"p@ssw0rd", "email"=>"email@domain.com"}} and HTTP headers {"HTTP_REFERER"=>"/signup"}
REQUESTING PAGE: GET http://www.example.com/users/1 with {} and HTTP headers {"HTTP_REFERER"=>"/users"}
REQUESTING PAGE: GET /signup with {} and HTTP headers {}
REQUESTING PAGE: POST /users with {"commit"=>"Sign up", "utf8"=>"✓", "user"=>{"name"=>"", "password_confirmation"=>"", "password"=>"", "email"=>""}} and HTTP headers {"HTTP_REFERER"=>"/signup"}
REQUESTING PAGE: GET /signup with {} and HTTP headers {}
REQUESTING PAGE: POST /users with {"commit"=>"Sign up", "utf8"=>"✓", "user"=>{"name"=>"test", "password_confirmation"=>"p@ssw0rd", "password"=>"p@ssw0rd", "email"=>"email@domain.com"}} and HTTP headers {"HTTP_REFERER"=>"/signup"}
REQUESTING PAGE: GET http://www.example.com/users/1 with {} and HTTP headers {"HTTP_REFERER"=>"/users"}
REQUESTING PAGE: GET /signup with {} and HTTP headers {}
REQUESTING PAGE: POST /users with {"commit"=>"Sign up", "utf8"=>"✓", "user"=>{"name"=>"", "password_confirmation"=>"", "password"=>"", "email"=>""}} and HTTP headers {"HTTP_REFERER"=>"/signup"}
REQUESTING PAGE: GET /signup with {} and HTTP headers {}
REQUESTING PAGE: POST /users with {"commit"=>"Sign up", "utf8"=>"✓", "user"=>{"name"=>"test", "password_confirmation"=>"p@ssw0rd", "password"=>"p@ssw0rd", "email"=>"email@domain.com"}} and HTTP headers {"HTTP_REFERER"=>"/signup"}
REQUESTING PAGE: GET http://www.example.com/users/1 with {} and HTTP headers {"HTTP_REFERER"=>"/users"}
REQUESTING PAGE: GET /signup with {} and HTTP headers {}
REQUESTING PAGE: POST /users with {"commit"=>"Sign up", "utf8"=>"✓", "user"=>{"name"=>"", "password_confirmation"=>"", "password"=>"", "email"=>""}} and HTTP headers {"HTTP_REFERER"=>"/signup"}
REQUESTING PAGE: GET /signup with {} and HTTP headers {}
REQUESTING PAGE: POST /users with {"commit"=>"Sign up", "utf8"=>"✓", "user"=>{"name"=>"test", "password_confirmation"=>"p@ssw0rd", "password"=>"p@ssw0rd", "email"=>"email@domain.com"}} and HTTP headers {"HTTP_REFERER"=>"/signup"}
REQUESTING PAGE: GET http://www.example.com/users/1 with {} and HTTP headers {"HTTP_REFERER"=>"/users"}
REQUESTING PAGE: GET / with {} and HTTP headers {}
REQUESTING PAGE: GET /signin with {} and HTTP headers {}
REQUESTING PAGE: POST /sessions with {"commit"=>"Sign in", "session"=>{"password"=>"foobar", "email"=>"mhartl@example.com"}, "utf8"=>"✓"} and HTTP headers {"HTTP_REFERER"=>"/signin"}
REQUESTING PAGE: GET http://www.example.com/users/1 with {} and HTTP headers {"HTTP_REFERER"=>"/sessions"}
REQUESTING PAGE: GET / with {} and HTTP headers {"HTTP_REFERER"=>"http://www.example.com/users/1"}
REQUESTING PAGE: GET /signin with {} and HTTP headers {}
REQUESTING PAGE: POST /sessions with {"commit"=>"Sign in", "session"=>{"password"=>"foobar", "email"=>"mhartl@example.com"}, "utf8"=>"✓"} and HTTP headers {"HTTP_REFERER"=>"/signin"}
REQUESTING PAGE: GET http://www.example.com/users/1 with {} and HTTP headers {"HTTP_REFERER"=>"/sessions"}
REQUESTING PAGE: GET /signup with {} and HTTP headers {}
REQUESTING PAGE: POST /users with {"commit"=>"Sign up", "utf8"=>"✓", "user"=>{"name"=>"", "password_confirmation"=>"", "password"=>"", "email"=>""}} and HTTP headers {"HTTP_REFERER"=>"/signup"}
REQUESTING PAGE: GET /signup with {} and HTTP headers {}
REQUESTING PAGE: POST /users with {"commit"=>"Sign up", "utf8"=>"✓", "user"=>{"name"=>"test", "password_confirmation"=>"p@ssw0rd", "password"=>"p@ssw0rd", "email"=>"email@domain.com"}} and HTTP headers {"HTTP_REFERER"=>"/signup"}
REQUESTING PAGE: GET http://www.example.com/users/1 with {} and HTTP headers {"HTTP_REFERER"=>"/users"}
REQUESTING PAGE: GET / with {} and HTTP headers {}
REQUESTING PAGE: GET /signin with {} and HTTP headers {}
REQUESTING PAGE: POST /sessions with {"commit"=>"Sign in", "session"=>{"password"=>"foobar", "email"=>"mhartl@example.com"}, "utf8"=>"✓"} and HTTP headers {"HTTP_REFERER"=>"/signin"}
REQUESTING PAGE: GET http://www.example.com/users/1 with {} and HTTP headers {"HTTP_REFERER"=>"/sessions"}
REQUESTING PAGE: GET / with {} and HTTP headers {"HTTP_REFERER"=>"http://www.example.com/users/1"}
REQUESTING PAGE: GET /signin with {} and HTTP headers {}
REQUESTING PAGE: POST /sessions with {"commit"=>"Sign in", "session"=>{"password"=>"foobar", "email"=>"mhartl@example.com"}, "utf8"=>"✓"} and HTTP headers {"HTTP_REFERER"=>"/signin"}
REQUESTING PAGE: GET http://www.example.com/users/1 with {} and HTTP headers {"HTTP_REFERER"=>"/sessions"}
REQUESTING PAGE: GET /signup with {} and HTTP headers {}
REQUESTING PAGE: POST /users with {"commit"=>"Sign up", "utf8"=>"✓", "user"=>{"name"=>"", "password_confirmation"=>"", "password"=>"", "email"=>""}} and HTTP headers {"HTTP_REFERER"=>"/signup"}
REQUESTING PAGE: GET /signup with {} and HTTP headers {}
REQUESTING PAGE: POST /users with {"commit"=>"Sign up", "utf8"=>"✓", "user"=>{"name"=>"test", "password_confirmation"=>"p@ssw0rd", "password"=>"p@ssw0rd", "email"=>"email@domain.com"}} and HTTP headers {"HTTP_REFERER"=>"/signup"}
REQUESTING PAGE: GET http://www.example.com/users/1 with {} and HTTP headers {"HTTP_REFERER"=>"/users"}
REQUESTING PAGE: GET / with {} and HTTP headers {}
REQUESTING PAGE: GET /signin with {} and HTTP headers {}
REQUESTING PAGE: POST /sessions with {"commit"=>"Sign in", "session"=>{"password"=>"foobar", "email"=>"mhartl@example.com"}, "utf8"=>"✓"} and HTTP headers {"HTTP_REFERER"=>"/signin"}
REQUESTING PAGE: GET http://www.example.com/users/1 with {} and HTTP headers {"HTTP_REFERER"=>"/sessions"}
REQUESTING PAGE: GET / with {} and HTTP headers {"HTTP_REFERER"=>"http://www.example.com/users/1"}
REQUESTING PAGE: GET /signin with {} and HTTP headers {}
REQUESTING PAGE: POST /sessions with {"commit"=>"Sign in", "session"=>{"password"=>"foobar", "email"=>"mhartl@example.com"}, "utf8"=>"✓"} and HTTP headers {"HTTP_REFERER"=>"/signin"}
REQUESTING PAGE: GET http://www.example.com/users/1 with {} and HTTP headers {"HTTP_REFERER"=>"/sessions"}
REQUESTING PAGE: GET /signup with {} and HTTP headers {}
REQUESTING PAGE: GET /signup with {} and HTTP headers {}
REQUESTING PAGE: GET / with {} and HTTP headers {}
REQUESTING PAGE: GET /signin with {} and HTTP headers {}
REQUESTING PAGE: GET /signin with {} and HTTP headers {}
REQUESTING PAGE: GET /signup with {} and HTTP headers {}
REQUESTING PAGE: POST /users with {"commit"=>"Sign up", "utf8"=>"✓", "user"=>{"name"=>"", "password_confirmation"=>"", "password"=>"", "email"=>""}} and HTTP headers {"HTTP_REFERER"=>"/signup"}
REQUESTING PAGE: GET /signup with {} and HTTP headers {}
REQUESTING PAGE: POST /users with {"commit"=>"Sign up", "utf8"=>"✓", "user"=>{"name"=>"test", "password_confirmation"=>"p@ssw0rd", "password"=>"p@ssw0rd", "email"=>"email@domain.com"}} and HTTP headers {"HTTP_REFERER"=>"/signup"}
REQUESTING PAGE: GET http://www.example.com/users/1 with {} and HTTP headers {"HTTP_REFERER"=>"/users"}
REQUESTING PAGE: GET / with {} and HTTP headers {}
REQUESTING PAGE: GET /signin with {} and HTTP headers {}
REQUESTING PAGE: POST /sessions with {"commit"=>"Sign in", "session"=>{"password"=>"foobar", "email"=>"mhartl@example.com"}, "utf8"=>"✓"} and HTTP headers {"HTTP_REFERER"=>"/signin"}
REQUESTING PAGE: GET http://www.example.com/users/1 with {} and HTTP headers {"HTTP_REFERER"=>"/sessions"}
REQUESTING PAGE: GET / with {} and HTTP headers {"HTTP_REFERER"=>"http://www.example.com/users/1"}
REQUESTING PAGE: GET /signin with {} and HTTP headers {}
REQUESTING PAGE: POST /sessions with {"commit"=>"Sign in", "session"=>{"password"=>"foobar", "email"=>"mhartl@example.com"}, "utf8"=>"✓"} and HTTP headers {"HTTP_REFERER"=>"/signin"}
REQUESTING PAGE: GET http://www.example.com/users/1 with {} and HTTP headers {"HTTP_REFERER"=>"/sessions"}
REQUESTING PAGE: GET / with {} and HTTP headers {"HTTP_REFERER"=>"http://www.example.com/users/1"}
REQUESTING PAGE: GET /signup with {} and HTTP headers {}
REQUESTING PAGE: POST /users with {"commit"=>"Sign up", "utf8"=>"✓", "user"=>{"name"=>"", "password_confirmation"=>"", "password"=>"", "email"=>""}} and HTTP headers {"HTTP_REFERER"=>"/signup"}
REQUESTING PAGE: GET /signup with {} and HTTP headers {}
REQUESTING PAGE: POST /users with {"commit"=>"Sign up", "utf8"=>"✓", "user"=>{"name"=>"test", "password_confirmation"=>"p@ssw0rd", "password"=>"p@ssw0rd", "email"=>"email@domain.com"}} and HTTP headers {"HTTP_REFERER"=>"/signup"}
REQUESTING PAGE: GET http://www.example.com/users/1 with {} and HTTP headers {"HTTP_REFERER"=>"/users"}
REQUESTING PAGE: GET / with {} and HTTP headers {}
REQUESTING PAGE: GET /signin with {} and HTTP headers {}
REQUESTING PAGE: POST /sessions with {"commit"=>"Sign in", "session"=>{"password"=>"foobar", "email"=>"mhartl@example.com"}, "utf8"=>"✓"} and HTTP headers {"HTTP_REFERER"=>"/signin"}
REQUESTING PAGE: GET http://www.example.com/users/1 with {} and HTTP headers {"HTTP_REFERER"=>"/sessions"}
REQUESTING PAGE: GET / with {} and HTTP headers {"HTTP_REFERER"=>"http://www.example.com/users/1"}
REQUESTING PAGE: GET /signin with {} and HTTP headers {}
REQUESTING PAGE: POST /sessions with {"commit"=>"Sign in", "session"=>{"password"=>"foobar", "email"=>"mhartl@example.com"}, "utf8"=>"✓"} and HTTP headers {"HTTP_REFERER"=>"/signin"}
REQUESTING PAGE: GET http://www.example.com/users/1 with {} and HTTP headers {"HTTP_REFERER"=>"/sessions"}
REQUESTING PAGE: GET / with {} and HTTP headers {"HTTP_REFERER"=>"http://www.example.com/users/1"}
REQUESTING PAGE: GET /signup with {} and HTTP headers {}
REQUESTING PAGE: POST /users with {"commit"=>"Sign up", "utf8"=>"✓", "user"=>{"name"=>"", "password_confirmation"=>"", "password"=>"", "email"=>""}} and HTTP headers {"HTTP_REFERER"=>"/signup"}
REQUESTING PAGE: GET /signup with {} and HTTP headers {}
REQUESTING PAGE: POST /users with {"commit"=>"Sign up", "utf8"=>"✓", "user"=>{"name"=>"test", "password_confirmation"=>"p@ssw0rd", "password"=>"p@ssw0rd", "email"=>"email@domain.com"}} and HTTP headers {"HTTP_REFERER"=>"/signup"}
REQUESTING PAGE: GET http://www.example.com/users/1 with {} and HTTP headers {"HTTP_REFERER"=>"/users"}
REQUESTING PAGE: GET /signin with {} and HTTP headers {}
REQUESTING PAGE: POST /sessions with {"commit"=>"Sign in", "session"=>{"password"=>"", "email"=>""}, "utf8"=>"✓"} and HTTP headers {"HTTP_REFERER"=>"/signin"}
REQUESTING PAGE: GET / with {} and HTTP headers {}
REQUESTING PAGE: GET /signin with {} and HTTP headers {}
REQUESTING PAGE: POST /sessions with {"commit"=>"Sign in", "session"=>{"password"=>"foobar", "email"=>"mhartl@example.com"}, "utf8"=>"✓"} and HTTP headers {"HTTP_REFERER"=>"/signin"}
REQUESTING PAGE: GET http://www.example.com/users/1 with {} and HTTP headers {"HTTP_REFERER"=>"/sessions"}
REQUESTING PAGE: GET / with {} and HTTP headers {"HTTP_REFERER"=>"http://www.example.com/users/1"}
REQUESTING PAGE: GET /signin with {} and HTTP headers {}
REQUESTING PAGE: POST /sessions with {"commit"=>"Sign in", "session"=>{"password"=>"foobar", "email"=>"mhartl@example.com"}, "utf8"=>"✓"} and HTTP headers {"HTTP_REFERER"=>"/signin"}
REQUESTING PAGE: GET http://www.example.com/users/1 with {} and HTTP headers {"HTTP_REFERER"=>"/sessions"}
REQUESTING PAGE: GET / with {} and HTTP headers {"HTTP_REFERER"=>"http://www.example.com/users/1"}
REQUESTING PAGE: GET /signup with {} and HTTP headers {}
REQUESTING PAGE: POST /users with {"commit"=>"Sign up", "utf8"=>"✓", "user"=>{"name"=>"", "password_confirmation"=>"", "password"=>"", "email"=>""}} and HTTP headers {"HTTP_REFERER"=>"/signup"}
REQUESTING PAGE: GET /signup with {} and HTTP headers {}
REQUESTING PAGE: POST /users with {"commit"=>"Sign up", "utf8"=>"✓", "user"=>{"name"=>"test", "password_confirmation"=>"p@ssw0rd", "password"=>"p@ssw0rd", "email"=>"email@domain.com"}} and HTTP headers {"HTTP_REFERER"=>"/signup"}
REQUESTING PAGE: GET http://www.example.com/users/1 with {} and HTTP headers {"HTTP_REFERER"=>"/users"}
REQUESTING PAGE: GET /signin with {} and HTTP headers {}
REQUESTING PAGE: POST /sessions with {"commit"=>"Sign in", "session"=>{"password"=>"", "email"=>""}, "utf8"=>"✓"} and HTTP headers {"HTTP_REFERER"=>"/signin"}
REQUESTING PAGE: GET /signin with {} and HTTP headers {}
REQUESTING PAGE: POST /sessions with {"commit"=>"Sign in", "session"=>{"password"=>"foobar", "email"=>"mhartl@example.com"}, "utf8"=>"✓"} and HTTP headers {"HTTP_REFERER"=>"/signin"}
REQUESTING PAGE: GET http://www.example.com/users/1 with {} and HTTP headers {"HTTP_REFERER"=>"/sessions"}
REQUESTING PAGE: GET /signout with {} and HTTP headers {"HTTP_REFERER"=>"http://www.example.com/users/1"}
REQUESTING PAGE: GET http://www.example.com/ with {} and HTTP headers {"HTTP_REFERER"=>"/signout"}
REQUESTING PAGE: GET / with {} and HTTP headers {}
REQUESTING PAGE: GET /signin with {} and HTTP headers {}
REQUESTING PAGE: POST /sessions with {"commit"=>"Sign in", "session"=>{"password"=>"foobar", "email"=>"mhartl@example.com"}, "utf8"=>"✓"} and HTTP headers {"HTTP_REFERER"=>"/signin"}
REQUESTING PAGE: GET http://www.example.com/users/1 with {} and HTTP headers {"HTTP_REFERER"=>"/sessions"}
REQUESTING PAGE: GET / with {} and HTTP headers {"HTTP_REFERER"=>"http://www.example.com/users/1"}
REQUESTING PAGE: GET /signin with {} and HTTP headers {}
REQUESTING PAGE: POST /sessions with {"commit"=>"Sign in", "session"=>{"password"=>"foobar", "email"=>"mhartl@example.com"}, "utf8"=>"✓"} and HTTP headers {"HTTP_REFERER"=>"/signin"}
REQUESTING PAGE: GET http://www.example.com/users/1 with {} and HTTP headers {"HTTP_REFERER"=>"/sessions"}
REQUESTING PAGE: GET / with {} and HTTP headers {"HTTP_REFERER"=>"http://www.example.com/users/1"}
REQUESTING PAGE: GET /signup with {} and HTTP headers {}
REQUESTING PAGE: POST /users with {"commit"=>"Sign up", "utf8"=>"✓", "user"=>{"name"=>"", "password_confirmation"=>"", "password"=>"", "email"=>""}} and HTTP headers {"HTTP_REFERER"=>"/signup"}
REQUESTING PAGE: GET /signup with {} and HTTP headers {}
REQUESTING PAGE: POST /users with {"commit"=>"Sign up", "utf8"=>"✓", "user"=>{"name"=>"test", "password_confirmation"=>"p@ssw0rd", "password"=>"p@ssw0rd", "email"=>"email@domain.com"}} and HTTP headers {"HTTP_REFERER"=>"/signup"}
REQUESTING PAGE: GET http://www.example.com/users/1 with {} and HTTP headers {"HTTP_REFERER"=>"/users"}
REQUESTING PAGE: GET /signin with {} and HTTP headers {}
REQUESTING PAGE: POST /sessions with {"commit"=>"Sign in", "session"=>{"password"=>"", "email"=>""}, "utf8"=>"✓"} and HTTP headers {"HTTP_REFERER"=>"/signin"}
REQUESTING PAGE: GET /signin with {} and HTTP headers {}
REQUESTING PAGE: POST /sessions with {"commit"=>"Sign in", "session"=>{"password"=>"foobar", "email"=>"mhartl@example.com"}, "utf8"=>"✓"} and HTTP headers {"HTTP_REFERER"=>"/signin"}
REQUESTING PAGE: GET http://www.example.com/users/1 with {} and HTTP headers {"HTTP_REFERER"=>"/sessions"}
REQUESTING PAGE: GET /signout with {} and HTTP headers {"HTTP_REFERER"=>"http://www.example.com/users/1"}
REQUESTING PAGE: GET http://www.example.com/ with {} and HTTP headers {"HTTP_REFERER"=>"/signout"}
REQUESTING PAGE: GET / with {} and HTTP headers {}
REQUESTING PAGE: GET /signin with {} and HTTP headers {}
REQUESTING PAGE: POST /sessions with {"commit"=>"Sign in", "session"=>{"password"=>"foobar", "email"=>"mhartl@example.com"}, "utf8"=>"✓"} and HTTP headers {"HTTP_REFERER"=>"/signin"}
REQUESTING PAGE: GET http://www.example.com/users/1 with {} and HTTP headers {"HTTP_REFERER"=>"/sessions"}
REQUESTING PAGE: GET / with {} and HTTP headers {"HTTP_REFERER"=>"http://www.example.com/users/1"}
REQUESTING PAGE: GET /signin with {} and HTTP headers {}
REQUESTING PAGE: POST /sessions with {"commit"=>"Sign in", "session"=>{"password"=>"foobar", "email"=>"mhartl@example.com"}, "utf8"=>"✓"} and HTTP headers {"HTTP_REFERER"=>"/signin"}
REQUESTING PAGE: GET http://www.example.com/users/1 with {} and HTTP headers {"HTTP_REFERER"=>"/sessions"}
REQUESTING PAGE: GET / with {} and HTTP headers {"HTTP_REFERER"=>"http://www.example.com/users/1"}
REQUESTING PAGE: GET /signup with {} and HTTP headers {}
REQUESTING PAGE: POST /users with {"commit"=>"Sign up", "utf8"=>"✓", "user"=>{"name"=>"", "password_confirmation"=>"", "password"=>"", "email"=>""}} and HTTP headers {"HTTP_REFERER"=>"/signup"}
REQUESTING PAGE: GET /signup with {} and HTTP headers {}
REQUESTING PAGE: POST /users with {"commit"=>"Sign up", "utf8"=>"✓", "user"=>{"name"=>"test", "password_confirmation"=>"p@ssw0rd", "password"=>"p@ssw0rd", "email"=>"email@domain.com"}} and HTTP headers {"HTTP_REFERER"=>"/signup"}
REQUESTING PAGE: GET http://www.example.com/users/1 with {} and HTTP headers {"HTTP_REFERER"=>"/users"}
REQUESTING PAGE: GET /signin with {} and HTTP headers {}
REQUESTING PAGE: POST /sessions with {"commit"=>"Sign in", "session"=>{"password"=>"", "email"=>""}, "utf8"=>"✓"} and HTTP headers {"HTTP_REFERER"=>"/signin"}
REQUESTING PAGE: GET /signin with {} and HTTP headers {}
REQUESTING PAGE: POST /sessions with {"commit"=>"Sign in", "session"=>{"password"=>"foobar", "email"=>"mhartl@example.com"}, "utf8"=>"✓"} and HTTP headers {"HTTP_REFERER"=>"/signin"}
REQUESTING PAGE: GET http://www.example.com/users/1 with {} and HTTP headers {"HTTP_REFERER"=>"/sessions"}
REQUESTING PAGE: GET /signout with {} and HTTP headers {"HTTP_REFERER"=>"http://www.example.com/users/1"}
REQUESTING PAGE: GET http://www.example.com/ with {} and HTTP headers {"HTTP_REFERER"=>"/signout"}
REQUESTING PAGE: GET / with {} and HTTP headers {}
REQUESTING PAGE: GET /signin with {} and HTTP headers {}
REQUESTING PAGE: POST /sessions with {"commit"=>"Sign in", "session"=>{"password"=>"foobar", "email"=>"mhartl@example.com"}, "utf8"=>"✓"} and HTTP headers {"HTTP_REFERER"=>"/signin"}
REQUESTING PAGE: GET http://www.example.com/users/1 with {} and HTTP headers {"HTTP_REFERER"=>"/sessions"}
REQUESTING PAGE: GET / with {} and HTTP headers {"HTTP_REFERER"=>"http://www.example.com/users/1"}
REQUESTING PAGE: GET /signin with {} and HTTP headers {}
REQUESTING PAGE: POST /sessions with {"commit"=>"Sign in", "session"=>{"password"=>"foobar", "email"=>"mhartl@example.com"}, "utf8"=>"✓"} and HTTP headers {"HTTP_REFERER"=>"/signin"}
REQUESTING PAGE: GET http://www.example.com/users/1 with {} and HTTP headers {"HTTP_REFERER"=>"/sessions"}
REQUESTING PAGE: GET / with {} and HTTP headers {"HTTP_REFERER"=>"http://www.example.com/users/1"}
